<html>
<head>
<title>TestNG:  Default test</title>
<link href="../testng.css" rel="stylesheet" type="text/css" />
<link href="../my-testng.css" rel="stylesheet" type="text/css" />

<style type="text/css">
.log { display: none;} 
.stack-trace { display: none;} 
</style>
<script type="text/javascript">
<!--
function flip(e) {
  current = e.style.display;
  if (current == 'block') {
    e.style.display = 'none';
    return 0;
  }
  else {
    e.style.display = 'block';
    return 1;
  }
}

function toggleBox(szDivId, elem, msg1, msg2)
{
  var res = -1;  if (document.getElementById) {
    res = flip(document.getElementById(szDivId));
  }
  else if (document.all) {
    // this is the way old msie versions work
    res = flip(document.all[szDivId]);
  }
  if(elem) {
    if(res == 0) elem.innerHTML = msg1; else elem.innerHTML = msg2;
  }

}

function toggleAllBoxes() {
  if (document.getElementsByTagName) {
    d = document.getElementsByTagName('div');
    for (i = 0; i < d.length; i++) {
      if (d[i].className == 'log') {
        flip(d[i]);
      }
    }
  }
}

// -->
</script>

</head>
<body>
<h2 align='center'>Default test</h2><table border='1' align="center">
<tr>
<td>Tests passed/Failed/Skipped:</td><td>4/1/0</td>
</tr><tr>
<td>Started on:</td><td>Mon May 24 16:34:30 IST 2021</td>
</tr>
<tr><td>Total time:</td><td>352 seconds (352660 ms)</td>
</tr><tr>
<td>Included groups:</td><td></td>
</tr><tr>
<td>Excluded groups:</td><td></td>
</tr>
</table><p/>
<small><i>(Hover the method name to see the test class name)</i></small><p/>
<table width='100%' border='1' class='invocation-failed'>
<tr><td colspan='4' align='center'><b>FAILED TESTS</b></td></tr>
<tr><td><b>Test method</b></td>
<td width="30%"><b>Exception</b></td>
<td width="10%"><b>Time (seconds)</b></td>
<td><b>Instance</b></td>
</tr>
<tr>
<td title='myTestRunner.RunTestNGTest.runScenario()'><b>runScenario</b><br>Test class: myTestRunner.RunTestNGTest<br>Test method: Runs Cucumber Scenarios<br>Parameters: "Edit defects", "Login Application feature"</td>
<td><div><pre>org.openqa.selenium.support.ui.UnexpectedTagNameException: Element should have been &quot;select&quot; but was &quot;span&quot;
Build info: version: &apos;3.141.59&apos;, revision: &apos;e82be7d358&apos;, time: &apos;2018-11-14T08:17:03&apos;
System info: host: &apos;YUVI&apos;, ip: &apos;192.168.1.7&apos;, os.name: &apos;Windows 8.1&apos;, os.arch: &apos;amd64&apos;, os.version: &apos;6.3&apos;, java.version: &apos;15.0.1&apos;
Driver info: driver.version: unknown
	at org.openqa.selenium.support.ui.Select.&lt;init&gt;(Select.java:48)
	at com.pratesting.base.BaseUI.dropDown(BaseUI.java:180)
	at com.pratesting.page.DefectsEdit.severityChg(DefectsEdit.java:88)
	at stepDefinitions.DefectsEditTest.SeverityEdit(DefectsEditTest.java:26)
	at ?.Select severity and change(file:///C:/Users/Sony/archana_MiniProject/910628_CFOProjectDefectModule/910628_CFOProjectDefectModule/com.pratesting/src/test/java/feature/Login.feature:31)
</pre></div><a href='#' onClick='toggleBox("stack-trace1076856210", this, "Click to show all stack frames", "Click to hide stack frames")'>Click to show all stack frames</a>
<div class='stack-trace' id='stack-trace1076856210'><pre>org.openqa.selenium.support.ui.UnexpectedTagNameException: Element should have been &quot;select&quot; but was &quot;span&quot;
Build info: version: &apos;3.141.59&apos;, revision: &apos;e82be7d358&apos;, time: &apos;2018-11-14T08:17:03&apos;
System info: host: &apos;YUVI&apos;, ip: &apos;192.168.1.7&apos;, os.name: &apos;Windows 8.1&apos;, os.arch: &apos;amd64&apos;, os.version: &apos;6.3&apos;, java.version: &apos;15.0.1&apos;
Driver info: driver.version: unknown
	at org.openqa.selenium.support.ui.Select.&lt;init&gt;(Select.java:48)
	at com.pratesting.base.BaseUI.dropDown(BaseUI.java:180)
	at com.pratesting.page.DefectsEdit.severityChg(DefectsEdit.java:88)
	at stepDefinitions.DefectsEditTest.SeverityEdit(DefectsEditTest.java:26)
	at ?.Select severity and change(file:///C:/Users/Sony/archana_MiniProject/910628_CFOProjectDefectModule/910628_CFOProjectDefectModule/com.pratesting/src/test/java/feature/Login.feature:31)
</pre></div></td>
<td>59</td>
<td>myTestRunner.RunTestNGTest@5f9b2141</td></tr>
</table><p>
<table width='100%' border='1' class='invocation-passed'>
<tr><td colspan='4' align='center'><b>PASSED TESTS</b></td></tr>
<tr><td><b>Test method</b></td>
<td width="30%"><b>Exception</b></td>
<td width="10%"><b>Time (seconds)</b></td>
<td><b>Instance</b></td>
</tr>
<tr>
<td title='myTestRunner.RunTestNGTest.runScenario()'><b>runScenario</b><br>Test class: myTestRunner.RunTestNGTest<br>Test method: Runs Cucumber Scenarios<br>Parameters: "User Login Scenario", "Login Application feature"</td>
<td></td>
<td>108</td>
<td>myTestRunner.RunTestNGTest@5f9b2141</td></tr>
<tr>
<td title='myTestRunner.RunTestNGTest.runScenario()'><b>runScenario</b><br>Test class: myTestRunner.RunTestNGTest<br>Test method: Runs Cucumber Scenarios<br>Parameters: "Create defects form", "Login Application feature"</td>
<td></td>
<td>37</td>
<td>myTestRunner.RunTestNGTest@5f9b2141</td></tr>
<tr>
<td title='myTestRunner.RunTestNGTest.runScenario()'><b>runScenario</b><br>Test class: myTestRunner.RunTestNGTest<br>Test method: Runs Cucumber Scenarios<br>Parameters: "Verify TopMenu Function", "Login Application feature"</td>
<td></td>
<td>137</td>
<td>myTestRunner.RunTestNGTest@5f9b2141</td></tr>
<tr>
<td title='myTestRunner.RunTestNGTest.runScenario()'><b>runScenario</b><br>Test class: myTestRunner.RunTestNGTest<br>Test method: Runs Cucumber Scenarios<br>Parameters: "Verify BottomMenu Function", "Login Application feature"</td>
<td></td>
<td>5</td>
<td>myTestRunner.RunTestNGTest@5f9b2141</td></tr>
</table><p>
</body>
</html>