<?xml version="1.0" encoding="UTF-8"?>
<!-- Generated by org.testng.reporters.JUnitReportReporter -->
<testsuite hostname="Yuvi" failures="0" tests="5" name="myTestRunner.RunTestNGTest" time="348.564" errors="1" timestamp="2021-05-24T16:40:26 IST" skipped="0">
  <testcase classname="myTestRunner.RunTestNGTest" name="runScenario" time="108.199"/>
  <system-out/>
  <testcase classname="myTestRunner.RunTestNGTest" name="runScenario" time="137.804"/>
  <system-out/>
  <testcase classname="myTestRunner.RunTestNGTest" name="runScenario" time="5.279"/>
  <system-out/>
  <testcase classname="myTestRunner.RunTestNGTest" name="runScenario" time="37.787"/>
  <system-out/>
  <testcase classname="myTestRunner.RunTestNGTest" name="runScenario" time="59.495">
    <error message="Element should have been &quot;select&quot; but was &quot;span&quot;
Build info: version: &#039;3.141.59&#039;, revision: &#039;e82be7d358&#039;, time: &#039;2018-11-14T08:17:03&#039;
System info: host: &#039;YUVI&#039;, ip: &#039;192.168.1.7&#039;, os.name: &#039;Windows 8.1&#039;, os.arch: &#039;amd64&#039;, os.version: &#039;6.3&#039;, java.version: &#039;15.0.1&#039;
Driver info: driver.version: unknown" type="org.openqa.selenium.support.ui.UnexpectedTagNameException">
      <![CDATA[org.openqa.selenium.support.ui.UnexpectedTagNameException: Element should have been "select" but was "span"
Build info: version: '3.141.59', revision: 'e82be7d358', time: '2018-11-14T08:17:03'
System info: host: 'YUVI', ip: '192.168.1.7', os.name: 'Windows 8.1', os.arch: 'amd64', os.version: '6.3', java.version: '15.0.1'
Driver info: driver.version: unknown
at org.openqa.selenium.support.ui.Select.<init>(Select.java:48)
at com.pratesting.base.BaseUI.dropDown(BaseUI.java:180)
at com.pratesting.page.DefectsEdit.severityChg(DefectsEdit.java:88)
at stepDefinitions.DefectsEditTest.SeverityEdit(DefectsEditTest.java:26)
at âœ½.Select severity and change(file:///C:/Users/Sony/archana_MiniProject/910628_CFOProjectDefectModule/910628_CFOProjectDefectModule/com.pratesting/src/test/java/feature/Login.feature:31)
]]>
    </error>
  </testcase> <!-- runScenario -->
  <system-out/>
</testsuite> <!-- myTestRunner.RunTestNGTest -->
